<?xml version="1.0" encoding="UTF-8"?>
<!-- Generated by org.testng.reporters.JUnitReportReporter -->
<testsuite skipped="0" hostname="DLDA1919" name="test.tesngclass" tests="1" failures="0" timestamp="27 Jun 2018 11:48:42 GMT" time="0.490" errors="0">
  <testcase name="Step_02_select_green_box" time="0.490" classname="test.tesngclass"/>
</testsuite> <!-- test.tesngclass -->
