<?xml version="1.0" encoding="UTF-8"?>
<!-- Generated by org.testng.reporters.JUnitReportReporter -->
<testsuite skipped="0" hostname="DLDA1919" name="test.testclass" tests="7" failures="0" timestamp="28 Jun 2018 06:07:41 GMT" time="4.456" errors="0">
  <testcase name="Step_06_PopUpWindows" time="1.228" classname="test.testclass"/>
  <testcase name="Step_02_OpenLink" time="0.214" classname="test.testclass"/>
  <testcase name="Step_04_BoxColorMatch" time="1.388" classname="test.testclass"/>
  <testcase name="Step_07_CookieHandling" time="0.380" classname="test.testclass"/>
  <testcase name="Step_01_LaunchURL" time="0.557" classname="test.testclass"/>
  <testcase name="Step_03_SelectionOfGreenBox" time="0.400" classname="test.testclass"/>
  <testcase name="Step_05_DragAndDrop" time="0.289" classname="test.testclass"/>
</testsuite> <!-- test.testclass -->
